<?xml version="1.0" encoding="UTF-8"?>
<testng-results ignored="0" total="1" passed="1" failed="0" skipped="0">
  <reporter-output>
  </reporter-output>
  <suite started-at="2022-09-26T12:59:47 IST" name="Default suite" finished-at="2022-09-26T13:00:10 IST" duration-ms="23433">
    <groups>
    </groups>
    <test started-at="2022-09-26T12:59:47 IST" name="Default test" finished-at="2022-09-26T13:00:10 IST" duration-ms="23433">
      <class name="crossBrowser.CrossBrowserTest">
        <test-method signature="GoogleTest()[pri:0, instance:crossBrowser.CrossBrowserTest@a9cd3b1]" started-at="2022-09-26T12:59:47 IST" name="GoogleTest" finished-at="2022-09-26T13:00:10 IST" duration-ms="23400" status="PASS">
          <reporter-output>
          </reporter-output>
        </test-method> <!-- GoogleTest -->
      </class> <!-- crossBrowser.CrossBrowserTest -->
    </test> <!-- Default test -->
  </suite> <!-- Default suite -->
</testng-results>
